

Version:	3.50
CmdLine:	D:\Programmazione\VisualStudio\SensorStrength\StrengthSensor\Prova.exe --l4j-debug
JNI:		No
WOW64:		Yes
Working dir:	D:\Programmazione\VisualStudio\SensorStrength\StrengthSensor\.
Requires JDK:	No
Requires 64-Bit: No
Java min ver:	1.008.000
Java max ver:	
Substitute:	JAVA_HOME = 
Substitute:	PATH = C:\Program Files\Common Files\Oracle\Java\javapath;C:\Program Files (x86)\Common Files\Oracle\Java\java8path;C:\Program Files (x86)\Common Files\Oracle\Java\javapath;C:\Program Files (x86)\Common Files\Intel\Shared Libraries\redist\intel64\compiler;C:\WINDOWS\system32;C:\WINDOWS;C:\WINDOWS\System32\Wbem;C:\WINDOWS\System32\WindowsPowerShell\v1.0\;C:\WINDOWS\System32\OpenSSH\;C:\Program Files (x86)\NVIDIA Corporation\PhysX\Common;C:\Program Files\dotnet\;C:\Program Files\PuTTY\;C:\Program Files\nodejs\;C:\Program Files\NVIDIA Corporation\NVIDIA app\NvDLISR;C:\Program Files\Docker\Docker\resources\bin;C:\Users\Davide\AppData\Local\Microsoft\WindowsApps;C:\Users\Davide\AppData\Local\Programs\Microsoft VS Code\bin;C:\Users\Davide\AppData\Roaming\npm;C:\Users\Davide\AppData\Local\GitHubDesktop\bin;C:\Program Files\Java\jre1.8.0_441\bin
JRE paths:	;C:\Program Files\Common Files\Oracle\Java\javapath;C:\Program Files (x86)\Common Files\Oracle\Java\java8path;C:\Program Files (x86)\Common Files\Oracle\Java\javapath;C:\Program Files (x86)\Common Files\Intel\Shared Libraries\redist\intel64\compiler;C:\WINDOWS\system32;C:\WINDOWS;C:\WINDOWS\System32\Wbem;C:\WINDOWS\System32\WindowsPowerShell\v1.0\;C:\WINDOWS\System32\OpenSSH\;C:\Program Files (x86)\NVIDIA Corporation\PhysX\Common;C:\Program Files\dotnet\;C:\Program Files\PuTTY\;C:\Program Files\nodejs\;C:\Program Files\NVIDIA Corporation\NVIDIA app\NvDLISR;C:\Program Files\Docker\Docker\resources\bin;C:\Users\Davide\AppData\Local\Microsoft\WindowsApps;C:\Users\Davide\AppData\Local\Programs\Microsoft VS Code\bin;C:\Users\Davide\AppData\Roaming\npm;C:\Users\Davide\AppData\Local\GitHubDesktop\bin;C:\Program Files\Java\jre1.8.0_441\bin
Check launcher:	C:\Program Files\Common Files\Oracle\Java\javapath\bin\javaw.exe (not found)
Check launcher:	C:\Program Files (x86)\Common Files\Oracle\Java\java8path\bin\javaw.exe (not found)
Check launcher:	C:\Program Files (x86)\Common Files\Oracle\Java\javapath\bin\javaw.exe (not found)
Check launcher:	C:\Program Files (x86)\Common Files\Intel\Shared Libraries\redist\intel64\compiler\bin\javaw.exe (not found)
Check launcher:	C:\WINDOWS\system32\bin\javaw.exe (not found)
Check launcher:	C:\WINDOWS\bin\javaw.exe (not found)
Check launcher:	C:\WINDOWS\System32\Wbem\bin\javaw.exe (not found)
Check launcher:	C:\WINDOWS\System32\WindowsPowerShell\v1.0\bin\javaw.exe (not found)
Check launcher:	C:\WINDOWS\System32\OpenSSH\bin\javaw.exe (not found)
Check launcher:	C:\Program Files (x86)\NVIDIA Corporation\PhysX\Common\bin\javaw.exe (not found)
Check launcher:	C:\Program Files\dotnet\bin\javaw.exe (not found)
Check launcher:	C:\Program Files\PuTTY\bin\javaw.exe (not found)
Check launcher:	C:\Program Files\nodejs\bin\javaw.exe (not found)
Check launcher:	C:\Program Files\NVIDIA Corporation\NVIDIA app\NvDLISR\bin\javaw.exe (not found)
Check launcher:	C:\Program Files\Docker\Docker\resources\bin\javaw.exe (not found)
Check launcher:	C:\Users\Davide\AppData\Local\Microsoft\WindowsApps\bin\javaw.exe (not found)
Check launcher:	C:\Users\Davide\AppData\Local\Programs\Microsoft VS Code\bin\javaw.exe (not found)
Check launcher:	C:\Users\Davide\AppData\Roaming\npm\bin\javaw.exe (not found)
Check launcher:	C:\Users\Davide\AppData\Local\GitHubDesktop\bin\javaw.exe (not found)
Check launcher:	C:\Program Files\Java\jre1.8.0_441\bin\javaw.exe (OK)
Version string: 1.008.000_441 / 64-Bit (OK)
Heap -Xms:	Requested 100 MB / 0%, Available: 48841 MB, Heap size: 100 MB
Heap -Xmx:	Requested 100 MB / 0%, Available: 48841 MB, Heap size: 100 MB
Launcher:	C:\Program Files\Java\jre1.8.0_441\bin\javaw.exe
Launcher args:	-Xms100m -Xmx100m -jar "D:\Programmazione\VisualStudio\SensorStrength\StrengthSensor\Prova.exe"
Args length:	95/32768 chars
Exit code:	0


Version:	3.50
CmdLine:	D:\Programmazione\VisualStudio\SensorStrength\StrengthSensor\Prova.exe --l4j-debug
JNI:		No
WOW64:		Yes
Working dir:	D:\Programmazione\VisualStudio\SensorStrength\StrengthSensor\.
Requires JDK:	No
Requires 64-Bit: No
Java min ver:	1.007.000
Java max ver:	
Substitute:	JAVA_HOME = 
Substitute:	PATH = C:\Program Files\Common Files\Oracle\Java\javapath;C:\Program Files (x86)\Common Files\Oracle\Java\java8path;C:\Program Files (x86)\Common Files\Oracle\Java\javapath;C:\Program Files (x86)\Common Files\Intel\Shared Libraries\redist\intel64\compiler;C:\WINDOWS\system32;C:\WINDOWS;C:\WINDOWS\System32\Wbem;C:\WINDOWS\System32\WindowsPowerShell\v1.0\;C:\WINDOWS\System32\OpenSSH\;C:\Program Files (x86)\NVIDIA Corporation\PhysX\Common;C:\Program Files\dotnet\;C:\Program Files\PuTTY\;C:\Program Files\nodejs\;C:\Program Files\NVIDIA Corporation\NVIDIA app\NvDLISR;C:\Program Files\Docker\Docker\resources\bin;C:\Users\Davide\AppData\Local\Microsoft\WindowsApps;C:\Users\Davide\AppData\Local\Programs\Microsoft VS Code\bin;C:\Users\Davide\AppData\Roaming\npm;C:\Users\Davide\AppData\Local\GitHubDesktop\bin;C:\Program Files\Java\jre1.8.0_441\bin
JRE paths:	;C:\Program Files\Common Files\Oracle\Java\javapath;C:\Program Files (x86)\Common Files\Oracle\Java\java8path;C:\Program Files (x86)\Common Files\Oracle\Java\javapath;C:\Program Files (x86)\Common Files\Intel\Shared Libraries\redist\intel64\compiler;C:\WINDOWS\system32;C:\WINDOWS;C:\WINDOWS\System32\Wbem;C:\WINDOWS\System32\WindowsPowerShell\v1.0\;C:\WINDOWS\System32\OpenSSH\;C:\Program Files (x86)\NVIDIA Corporation\PhysX\Common;C:\Program Files\dotnet\;C:\Program Files\PuTTY\;C:\Program Files\nodejs\;C:\Program Files\NVIDIA Corporation\NVIDIA app\NvDLISR;C:\Program Files\Docker\Docker\resources\bin;C:\Users\Davide\AppData\Local\Microsoft\WindowsApps;C:\Users\Davide\AppData\Local\Programs\Microsoft VS Code\bin;C:\Users\Davide\AppData\Roaming\npm;C:\Users\Davide\AppData\Local\GitHubDesktop\bin;C:\Program Files\Java\jre1.8.0_441\bin
Check launcher:	C:\Program Files\Common Files\Oracle\Java\javapath\bin\javaw.exe (not found)
Check launcher:	C:\Program Files (x86)\Common Files\Oracle\Java\java8path\bin\javaw.exe (not found)
Check launcher:	C:\Program Files (x86)\Common Files\Oracle\Java\javapath\bin\javaw.exe (not found)
Check launcher:	C:\Program Files (x86)\Common Files\Intel\Shared Libraries\redist\intel64\compiler\bin\javaw.exe (not found)
Check launcher:	C:\WINDOWS\system32\bin\javaw.exe (not found)
Check launcher:	C:\WINDOWS\bin\javaw.exe (not found)
Check launcher:	C:\WINDOWS\System32\Wbem\bin\javaw.exe (not found)
Check launcher:	C:\WINDOWS\System32\WindowsPowerShell\v1.0\bin\javaw.exe (not found)
Check launcher:	C:\WINDOWS\System32\OpenSSH\bin\javaw.exe (not found)
Check launcher:	C:\Program Files (x86)\NVIDIA Corporation\PhysX\Common\bin\javaw.exe (not found)
Check launcher:	C:\Program Files\dotnet\bin\javaw.exe (not found)
Check launcher:	C:\Program Files\PuTTY\bin\javaw.exe (not found)
Check launcher:	C:\Program Files\nodejs\bin\javaw.exe (not found)
Check launcher:	C:\Program Files\NVIDIA Corporation\NVIDIA app\NvDLISR\bin\javaw.exe (not found)
Check launcher:	C:\Program Files\Docker\Docker\resources\bin\javaw.exe (not found)
Check launcher:	C:\Users\Davide\AppData\Local\Microsoft\WindowsApps\bin\javaw.exe (not found)
Check launcher:	C:\Users\Davide\AppData\Local\Programs\Microsoft VS Code\bin\javaw.exe (not found)
Check launcher:	C:\Users\Davide\AppData\Roaming\npm\bin\javaw.exe (not found)
Check launcher:	C:\Users\Davide\AppData\Local\GitHubDesktop\bin\javaw.exe (not found)
Check launcher:	C:\Program Files\Java\jre1.8.0_441\bin\javaw.exe (OK)
Version string: 1.008.000_441 / 64-Bit (OK)
Heap -Xms:	Requested 100 MB / 0%, Available: 48831 MB, Heap size: 100 MB
Heap -Xmx:	Requested 100 MB / 0%, Available: 48831 MB, Heap size: 100 MB
Launcher:	C:\Program Files\Java\jre1.8.0_441\bin\javaw.exe
Launcher args:	-Xms100m -Xmx100m -jar "D:\Programmazione\VisualStudio\SensorStrength\StrengthSensor\Prova.exe"
Args length:	95/32768 chars
Exit code:	0


Version:	3.50
CmdLine:	D:\Programmazione\VisualStudio\SensorStrength\StrengthSensor\Prova.exe --l4j-debug
JNI:		No
WOW64:		Yes
Working dir:	D:\Programmazione\VisualStudio\SensorStrength\StrengthSensor\.
Requires JDK:	No
Requires 64-Bit: Yes
Java min ver:	1.007.000
Java max ver:	1.008.000
Substitute:	JAVA_HOME = 
Substitute:	PATH = C:\Program Files\Common Files\Oracle\Java\javapath;C:\Program Files (x86)\Common Files\Oracle\Java\java8path;C:\Program Files (x86)\Common Files\Oracle\Java\javapath;C:\Program Files (x86)\Common Files\Intel\Shared Libraries\redist\intel64\compiler;C:\WINDOWS\system32;C:\WINDOWS;C:\WINDOWS\System32\Wbem;C:\WINDOWS\System32\WindowsPowerShell\v1.0\;C:\WINDOWS\System32\OpenSSH\;C:\Program Files (x86)\NVIDIA Corporation\PhysX\Common;C:\Program Files\dotnet\;C:\Program Files\PuTTY\;C:\Program Files\nodejs\;C:\Program Files\NVIDIA Corporation\NVIDIA app\NvDLISR;C:\Program Files\Docker\Docker\resources\bin;C:\Users\Davide\AppData\Local\Microsoft\WindowsApps;C:\Users\Davide\AppData\Local\Programs\Microsoft VS Code\bin;C:\Users\Davide\AppData\Roaming\npm;C:\Users\Davide\AppData\Local\GitHubDesktop\bin;C:\Program Files\Java\jre1.8.0_441\bin
JRE paths:	;C:\Program Files\Common Files\Oracle\Java\javapath;C:\Program Files (x86)\Common Files\Oracle\Java\java8path;C:\Program Files (x86)\Common Files\Oracle\Java\javapath;C:\Program Files (x86)\Common Files\Intel\Shared Libraries\redist\intel64\compiler;C:\WINDOWS\system32;C:\WINDOWS;C:\WINDOWS\System32\Wbem;C:\WINDOWS\System32\WindowsPowerShell\v1.0\;C:\WINDOWS\System32\OpenSSH\;C:\Program Files (x86)\NVIDIA Corporation\PhysX\Common;C:\Program Files\dotnet\;C:\Program Files\PuTTY\;C:\Program Files\nodejs\;C:\Program Files\NVIDIA Corporation\NVIDIA app\NvDLISR;C:\Program Files\Docker\Docker\resources\bin;C:\Users\Davide\AppData\Local\Microsoft\WindowsApps;C:\Users\Davide\AppData\Local\Programs\Microsoft VS Code\bin;C:\Users\Davide\AppData\Roaming\npm;C:\Users\Davide\AppData\Local\GitHubDesktop\bin;C:\Program Files\Java\jre1.8.0_441\bin
Check launcher:	C:\Program Files\Common Files\Oracle\Java\javapath\bin\javaw.exe (not found)
Check launcher:	C:\Program Files (x86)\Common Files\Oracle\Java\java8path\bin\javaw.exe (not found)
Check launcher:	C:\Program Files (x86)\Common Files\Oracle\Java\javapath\bin\javaw.exe (not found)
Check launcher:	C:\Program Files (x86)\Common Files\Intel\Shared Libraries\redist\intel64\compiler\bin\javaw.exe (not found)
Check launcher:	C:\WINDOWS\system32\bin\javaw.exe (not found)
Check launcher:	C:\WINDOWS\bin\javaw.exe (not found)
Check launcher:	C:\WINDOWS\System32\Wbem\bin\javaw.exe (not found)
Check launcher:	C:\WINDOWS\System32\WindowsPowerShell\v1.0\bin\javaw.exe (not found)
Check launcher:	C:\WINDOWS\System32\OpenSSH\bin\javaw.exe (not found)
Check launcher:	C:\Program Files (x86)\NVIDIA Corporation\PhysX\Common\bin\javaw.exe (not found)
Check launcher:	C:\Program Files\dotnet\bin\javaw.exe (not found)
Check launcher:	C:\Program Files\PuTTY\bin\javaw.exe (not found)
Check launcher:	C:\Program Files\nodejs\bin\javaw.exe (not found)
Check launcher:	C:\Program Files\NVIDIA Corporation\NVIDIA app\NvDLISR\bin\javaw.exe (not found)
Check launcher:	C:\Program Files\Docker\Docker\resources\bin\javaw.exe (not found)
Check launcher:	C:\Users\Davide\AppData\Local\Microsoft\WindowsApps\bin\javaw.exe (not found)
Check launcher:	C:\Users\Davide\AppData\Local\Programs\Microsoft VS Code\bin\javaw.exe (not found)
Check launcher:	C:\Users\Davide\AppData\Roaming\npm\bin\javaw.exe (not found)
Check launcher:	C:\Users\Davide\AppData\Local\GitHubDesktop\bin\javaw.exe (not found)
Check launcher:	C:\Program Files\Java\jre1.8.0_441\bin\javaw.exe (OK)
Version string: 1.008.000_441 / 64-Bit (Ignore)
64-bit search:	SOFTWARE\JavaSoft\Java Runtime Environment...
Check:		SOFTWARE\JavaSoft\Java Runtime Environment\1.8
Version string: 1.008.000 / 64-Bit (OK)
Check launcher:	C:\Program Files\Java\jre1.8.0_441\bin\javaw.exe (OK)
Match:		1.008.000
Runtime used:	1.008.000 (64-bit)
Heap -Xms:	Requested 100 MB / 0%, Available: 48838 MB, Heap size: 100 MB
Heap -Xmx:	Requested 100 MB / 0%, Available: 48838 MB, Heap size: 100 MB
Launcher:	C:\Program Files\Java\jre1.8.0_441\bin\javaw.exe
Launcher args:	-Xms100m -Xmx100m -jar "D:\Programmazione\VisualStudio\SensorStrength\StrengthSensor\Prova.exe"
Args length:	95/32768 chars
Exit code:	0


Version:	3.50
CmdLine:	D:\Programmazione\VisualStudio\SensorStrength\StrengthSensor\Prova.exe --l4j-debug
JNI:		No
WOW64:		Yes
Working dir:	D:\Programmazione\VisualStudio\SensorStrength\StrengthSensor\.
Requires JDK:	No
Requires 64-Bit: No
Java min ver:	1.007.000
Java max ver:	1.008.000
Substitute:	JAVA_HOME = 
Substitute:	PATH = C:\Program Files\Common Files\Oracle\Java\javapath;C:\Program Files (x86)\Common Files\Oracle\Java\java8path;C:\Program Files (x86)\Common Files\Oracle\Java\javapath;C:\Program Files (x86)\Common Files\Intel\Shared Libraries\redist\intel64\compiler;C:\WINDOWS\system32;C:\WINDOWS;C:\WINDOWS\System32\Wbem;C:\WINDOWS\System32\WindowsPowerShell\v1.0\;C:\WINDOWS\System32\OpenSSH\;C:\Program Files (x86)\NVIDIA Corporation\PhysX\Common;C:\Program Files\dotnet\;C:\Program Files\PuTTY\;C:\Program Files\nodejs\;C:\Program Files\NVIDIA Corporation\NVIDIA app\NvDLISR;C:\Program Files\Docker\Docker\resources\bin;C:\Users\Davide\AppData\Local\Microsoft\WindowsApps;C:\Users\Davide\AppData\Local\Programs\Microsoft VS Code\bin;C:\Users\Davide\AppData\Roaming\npm;C:\Users\Davide\AppData\Local\GitHubDesktop\bin;C:\Program Files\Java\jre1.8.0_441\bin
JRE paths:	;C:\Program Files\Common Files\Oracle\Java\javapath;C:\Program Files (x86)\Common Files\Oracle\Java\java8path;C:\Program Files (x86)\Common Files\Oracle\Java\javapath;C:\Program Files (x86)\Common Files\Intel\Shared Libraries\redist\intel64\compiler;C:\WINDOWS\system32;C:\WINDOWS;C:\WINDOWS\System32\Wbem;C:\WINDOWS\System32\WindowsPowerShell\v1.0\;C:\WINDOWS\System32\OpenSSH\;C:\Program Files (x86)\NVIDIA Corporation\PhysX\Common;C:\Program Files\dotnet\;C:\Program Files\PuTTY\;C:\Program Files\nodejs\;C:\Program Files\NVIDIA Corporation\NVIDIA app\NvDLISR;C:\Program Files\Docker\Docker\resources\bin;C:\Users\Davide\AppData\Local\Microsoft\WindowsApps;C:\Users\Davide\AppData\Local\Programs\Microsoft VS Code\bin;C:\Users\Davide\AppData\Roaming\npm;C:\Users\Davide\AppData\Local\GitHubDesktop\bin;C:\Program Files\Java\jre1.8.0_441\bin
Check launcher:	C:\Program Files\Common Files\Oracle\Java\javapath\bin\javaw.exe (not found)
Check launcher:	C:\Program Files (x86)\Common Files\Oracle\Java\java8path\bin\javaw.exe (not found)
Check launcher:	C:\Program Files (x86)\Common Files\Oracle\Java\javapath\bin\javaw.exe (not found)
Check launcher:	C:\Program Files (x86)\Common Files\Intel\Shared Libraries\redist\intel64\compiler\bin\javaw.exe (not found)
Check launcher:	C:\WINDOWS\system32\bin\javaw.exe (not found)
Check launcher:	C:\WINDOWS\bin\javaw.exe (not found)
Check launcher:	C:\WINDOWS\System32\Wbem\bin\javaw.exe (not found)
Check launcher:	C:\WINDOWS\System32\WindowsPowerShell\v1.0\bin\javaw.exe (not found)
Check launcher:	C:\WINDOWS\System32\OpenSSH\bin\javaw.exe (not found)
Check launcher:	C:\Program Files (x86)\NVIDIA Corporation\PhysX\Common\bin\javaw.exe (not found)
Check launcher:	C:\Program Files\dotnet\bin\javaw.exe (not found)
Check launcher:	C:\Program Files\PuTTY\bin\javaw.exe (not found)
Check launcher:	C:\Program Files\nodejs\bin\javaw.exe (not found)
Check launcher:	C:\Program Files\NVIDIA Corporation\NVIDIA app\NvDLISR\bin\javaw.exe (not found)
Check launcher:	C:\Program Files\Docker\Docker\resources\bin\javaw.exe (not found)
Check launcher:	C:\Users\Davide\AppData\Local\Microsoft\WindowsApps\bin\javaw.exe (not found)
Check launcher:	C:\Users\Davide\AppData\Local\Programs\Microsoft VS Code\bin\javaw.exe (not found)
Check launcher:	C:\Users\Davide\AppData\Roaming\npm\bin\javaw.exe (not found)
Check launcher:	C:\Users\Davide\AppData\Local\GitHubDesktop\bin\javaw.exe (not found)
Check launcher:	C:\Program Files\Java\jre1.8.0_441\bin\javaw.exe (OK)
Version string: 1.008.000_441 / 64-Bit (Ignore)
64-bit search:	SOFTWARE\JavaSoft\Java Runtime Environment...
Check:		SOFTWARE\JavaSoft\Java Runtime Environment\1.8
Version string: 1.008.000 / 64-Bit (OK)
Check launcher:	C:\Program Files\Java\jre1.8.0_441\bin\javaw.exe (OK)
Match:		1.008.000
Runtime used:	1.008.000 (64-bit)
Heap -Xms:	Requested 100 MB / 0%, Available: 48841 MB, Heap size: 100 MB
Heap -Xmx:	Requested 100 MB / 0%, Available: 48841 MB, Heap size: 100 MB
Launcher:	C:\Program Files\Java\jre1.8.0_441\bin\javaw.exe
Launcher args:	-Xms100m -Xmx100m -jar "D:\Programmazione\VisualStudio\SensorStrength\StrengthSensor\Prova.exe"
Args length:	95/32768 chars
Exit code:	0


Version:	3.50
CmdLine:	D:\Programmazione\VisualStudio\SensorStrength\StrengthSensor\Prova.exe --l4j-debug
JNI:		No
WOW64:		Yes
Working dir:	D:\Programmazione\VisualStudio\SensorStrength\StrengthSensor\.
Requires JDK:	No
Requires 64-Bit: No
Java min ver:	1.007.000
Java max ver:	
JRE paths:	 C:\Program Files\Java\jdk-23
Check launcher:	D:\Programmazione\VisualStudio\SensorStrength\StrengthSensor\ C:\Program Files\Java\jdk-23\bin\javaw.exe (not found)
64-bit search:	SOFTWARE\JavaSoft\Java Runtime Environment...
Check:		SOFTWARE\JavaSoft\Java Runtime Environment\1.8
Version string: 1.008.000 / 64-Bit (OK)
Check launcher:	C:\Program Files\Java\jre1.8.0_441\bin\javaw.exe (OK)
Match:		1.008.000
Runtime used:	1.008.000 (64-bit)
Launcher:	C:\Program Files\Java\jre1.8.0_441\bin\javaw.exe
Launcher args:	-jar "D:\Programmazione\VisualStudio\SensorStrength\StrengthSensor\Prova.exe"
Args length:	77/32768 chars
Exit code:	0


Version:	3.50
CmdLine:	D:\Programmazione\VisualStudio\SensorStrength\StrengthSensor\Prova.exe --l4j-debug
JNI:		No
WOW64:		Yes
Working dir:	D:\Programmazione\VisualStudio\SensorStrength\StrengthSensor\.
Requires JDK:	Yes
Requires 64-Bit: No
Java min ver:	1.007.000
Java max ver:	
JRE paths:	 C:\Program Files\Java\jdk-23
Check launcher:	D:\Programmazione\VisualStudio\SensorStrength\StrengthSensor\ C:\Program Files\Java\jdk-23\bin\javaw.exe (not found)
64-bit search:	SOFTWARE\JavaSoft\Java Development Kit...
32-bit search:	SOFTWARE\JavaSoft\Java Development Kit...
64-bit search:	SOFTWARE\JavaSoft\JDK...
Check:		SOFTWARE\JavaSoft\JDK\23.0.2
Version string: 1.023.000_002 / 64-Bit (OK)
Check launcher:	C:\Program Files\Java\jdk-23\bin\javaw.exe (OK)
Check javac:	C:\Program Files\Java\jdk-23\bin\javac.exe (OK)
Match:		1.023.000_002
Runtime used:	1.023.000_002 (64-bit)
Launcher:	C:\Program Files\Java\jdk-23\bin\javaw.exe
Launcher args:	-jar "D:\Programmazione\VisualStudio\SensorStrength\StrengthSensor\Prova.exe"
Args length:	77/32768 chars
Exit code:	0


Version:	3.50
CmdLine:	D:\Programmazione\VisualStudio\SensorStrength\StrengthSensor\Prova.exe --l4j-debug
JNI:		No
WOW64:		Yes
Working dir:	D:\Programmazione\VisualStudio\SensorStrength\StrengthSensor\.
Requires JDK:	Yes
Requires 64-Bit: No
Java min ver:	1.007.000
Java max ver:	
JRE paths:	 C:\Program Files\Java\jdk-23
Check launcher:	D:\Programmazione\VisualStudio\SensorStrength\StrengthSensor\ C:\Program Files\Java\jdk-23\bin\javaw.exe (not found)
64-bit search:	SOFTWARE\JavaSoft\Java Development Kit...
32-bit search:	SOFTWARE\JavaSoft\Java Development Kit...
64-bit search:	SOFTWARE\JavaSoft\JDK...
Check:		SOFTWARE\JavaSoft\JDK\23.0.2
Version string: 1.023.000_002 / 64-Bit (OK)
Check launcher:	C:\Program Files\Java\jdk-23\bin\javaw.exe (OK)
Check javac:	C:\Program Files\Java\jdk-23\bin\javac.exe (OK)
Match:		1.023.000_002
Runtime used:	1.023.000_002 (64-bit)
Launcher:	C:\Program Files\Java\jdk-23\bin\javaw.exe
Launcher args:	-jar "D:\Programmazione\VisualStudio\SensorStrength\StrengthSensor\Prova.exe"
Args length:	77/32768 chars
Exit code:	0


Version:	3.50
CmdLine:	D:\Programmazione\VisualStudio\SensorStrength\StrengthSensor\StrengthSensor.exe --l4j-debug
JNI:		No
WOW64:		Yes
Working dir:	D:\Programmazione\VisualStudio\SensorStrength\StrengthSensor\.
Requires JDK:	No
Requires 64-Bit: No
Java min ver:	1.007.000
Java max ver:	
JRE paths:	C:\Program Files\Java\jdk-23
Check launcher:	C:\Program Files\Java\jdk-23\bin\javaw.exe (OK)
Version string: 1.023.000_002 / 64-Bit (OK)
Launcher:	C:\Program Files\Java\jdk-23\bin\javaw.exe
Launcher args:	-jar "D:\Programmazione\VisualStudio\SensorStrength\StrengthSensor\StrengthSensor.exe"
Args length:	86/32768 chars
Exit code:	0
